<?xml version="1.0" encoding="UTF-8"?>
<!-- Generated by org.testng.reporters.JUnitXMLReporter -->
<testsuite ignored="2" hostname="LAPTOP-O2T3L75J" failures="0" tests="1" name="Default test" time="37.506" errors="0" timestamp="2025-06-01T23:26:22 IST">
  <testcase classname="Test.NewTest" name="herokuapp" time="37.397"/>
  <testcase classname="Test.NewTest" name="googleList" time="0.0">
    <ignored/>
  </testcase> <!-- googleList -->
  <testcase classname="Test.NewTest" name="TestAutomationTest" time="0.0">
    <ignored/>
  </testcase> <!-- TestAutomationTest -->
</testsuite> <!-- Default test -->
