<?xml version="1.0" encoding="UTF-8"?>
<testng-results ignored="0" total="2" passed="2" failed="0" skipped="0">
  <reporter-output>
  </reporter-output>
  <suite started-at="2025-05-15T03:34:54 IST" name="Default suite" finished-at="2025-05-15T03:35:06 IST" duration-ms="12242">
    <groups>
      <group name="cucumber">
        <method signature="AbstractTestNGCucumberTests.runScenario(io.cucumber.testng.PickleWrapper,io.cucumber.testng.FeatureWrapper)[pri:0, instance:loginDefinitions.TestRunner@1ff4931d]" name="runScenario" class="io.cucumber.testng.AbstractTestNGCucumberTests"/>
      </group> <!-- cucumber -->
    </groups>
    <test started-at="2025-05-15T03:34:54 IST" name="Default test" finished-at="2025-05-15T03:35:06 IST" duration-ms="12242">
      <class name="loginDefinitions.TestRunner">
        <test-method is-config="true" signature="setUpClass()[pri:0, instance:loginDefinitions.TestRunner@1ff4931d]" started-at="2025-05-15T03:34:54 IST" name="setUpClass" finished-at="2025-05-15T03:34:55 IST" duration-ms="557" status="PASS">
          <reporter-output>
          </reporter-output>
        </test-method> <!-- setUpClass -->
        <test-method signature="runScenario(io.cucumber.testng.PickleWrapper,io.cucumber.testng.FeatureWrapper)[pri:0, instance:loginDefinitions.TestRunner@1ff4931d]" started-at="2025-05-15T03:34:55 IST" name="runScenario" description="Runs Cucumber Scenarios" data-provider="scenarios" finished-at="2025-05-15T03:35:02 IST" duration-ms="7098" status="PASS">
          <params>
            <param index="0">
              <value>
                <![CDATA["Login functionality check"]]>
              </value>
            </param>
            <param index="1">
              <value>
                <![CDATA["Optional[To test Login Functionality]"]]>
              </value>
            </param>
          </params>
          <reporter-output>
          </reporter-output>
        </test-method> <!-- runScenario -->
        <test-method signature="runScenario(io.cucumber.testng.PickleWrapper,io.cucumber.testng.FeatureWrapper)[pri:0, instance:loginDefinitions.TestRunner@1ff4931d]" started-at="2025-05-15T03:35:02 IST" name="runScenario" description="Runs Cucumber Scenarios" data-provider="scenarios" finished-at="2025-05-15T03:35:06 IST" duration-ms="4465" status="PASS">
          <params>
            <param index="0">
              <value>
                <![CDATA["Login functionality check"]]>
              </value>
            </param>
            <param index="1">
              <value>
                <![CDATA["Optional[To test Login Functionality]"]]>
              </value>
            </param>
          </params>
          <reporter-output>
          </reporter-output>
        </test-method> <!-- runScenario -->
        <test-method is-config="true" signature="tearDownClass()[pri:0, instance:loginDefinitions.TestRunner@1ff4931d]" started-at="2025-05-15T03:35:06 IST" name="tearDownClass" finished-at="2025-05-15T03:35:06 IST" duration-ms="20" status="PASS">
          <reporter-output>
          </reporter-output>
        </test-method> <!-- tearDownClass -->
      </class> <!-- loginDefinitions.TestRunner -->
    </test> <!-- Default test -->
  </suite> <!-- Default suite -->
</testng-results>
