<?xml version="1.0" encoding="UTF-8"?>
<testng-results ignored="0" total="1" passed="1" failed="0" skipped="0">
  <reporter-output>
  </reporter-output>
  <suite started-at="2025-05-24T02:34:09 IST" name="Default suite" finished-at="2025-05-24T02:35:22 IST" duration-ms="72939">
    <groups>
      <group name="cucumber">
        <method signature="AbstractTestNGCucumberTests.runScenario(io.cucumber.testng.PickleWrapper,io.cucumber.testng.FeatureWrapper)[pri:0, instance:com.firstcry.runner.TestRunner@44c03695]" name="runScenario" class="io.cucumber.testng.AbstractTestNGCucumberTests"/>
      </group> <!-- cucumber -->
    </groups>
    <test started-at="2025-05-24T02:34:09 IST" name="Default test" finished-at="2025-05-24T02:35:22 IST" duration-ms="72939">
      <class name="com.firstcry.runner.TestRunner">
        <test-method is-config="true" signature="setUpClass()[pri:0, instance:com.firstcry.runner.TestRunner@44c03695]" started-at="2025-05-24T02:34:09 IST" name="setUpClass" finished-at="2025-05-24T02:34:10 IST" duration-ms="992" status="PASS">
          <reporter-output>
          </reporter-output>
        </test-method> <!-- setUpClass -->
        <test-method signature="runScenario(io.cucumber.testng.PickleWrapper,io.cucumber.testng.FeatureWrapper)[pri:0, instance:com.firstcry.runner.TestRunner@44c03695]" started-at="2025-05-24T02:34:10 IST" name="runScenario" description="Runs Cucumber Scenarios" data-provider="scenarios" finished-at="2025-05-24T02:35:22 IST" duration-ms="71723" status="PASS">
          <params>
            <param index="0">
              <value>
                <![CDATA["Navigate from Store Locator to Preschool Locator with valid inputs"]]>
              </value>
            </param>
            <param index="1">
              <value>
                <![CDATA["Optional[Valid FirstCry Automation Flow]"]]>
              </value>
            </param>
          </params>
          <reporter-output>
          </reporter-output>
        </test-method> <!-- runScenario -->
        <test-method is-config="true" signature="tearDownClass()[pri:0, instance:com.firstcry.runner.TestRunner@44c03695]" started-at="2025-05-24T02:35:22 IST" name="tearDownClass" finished-at="2025-05-24T02:35:22 IST" duration-ms="120" status="PASS">
          <reporter-output>
          </reporter-output>
        </test-method> <!-- tearDownClass -->
      </class> <!-- com.firstcry.runner.TestRunner -->
    </test> <!-- Default test -->
  </suite> <!-- Default suite -->
</testng-results>
